This file contains any messages produced by compilers while
running configure, to aid debugging if configure makes a mistake.

It was created by esp configure 2.2.0, which was
generated by GNU Autoconf 2.61.  Invocation command line was

  $ ./configure --prefix=/home/g5k/BENCHS/esp-2.2.1 --cache-file=/dev/null --srcdir=.

## --------- ##
## Platform. ##
## --------- ##

hostname = genepi-2.grenoble.grid5000.fr
uname -m = x86_64
uname -r = 2.6.26
uname -s = Linux
uname -v = #2 SMP Wed Apr 22 20:32:33 CEST 2009

/usr/bin/uname -p = unknown
/bin/uname -X     = unknown

/bin/arch              = unknown
/usr/bin/arch -k       = unknown
/usr/convex/getsysinfo = unknown
/usr/bin/hostinfo      = unknown
/bin/machine           = unknown
/usr/bin/oslevel       = unknown
/bin/universe          = unknown

PATH: /usr/local/bin
PATH: /usr/bin
PATH: /bin
PATH: /usr/games


## ----------- ##
## Core tests. ##
## ----------- ##

configure:1774: checking for a BSD-compatible install
configure:1830: result: /usr/bin/install -c
configure:1841: checking whether build environment is sane
configure:1884: result: yes
configure:1912: checking for a thread-safe mkdir -p
configure:1951: result: /bin/mkdir -p
configure:1964: checking for gawk
configure:1980: found /usr/bin/gawk
configure:1991: result: gawk
configure:2002: checking whether make sets $(MAKE)
configure:2023: result: yes
configure:2214: checking whether make sets $(MAKE)
configure:2235: result: yes
configure:2256: checking for style of include used by make
configure:2284: result: GNU
configure:2354: checking for gcc
configure:2381: result: mpicc
configure:2619: checking for C compiler version
configure:2626: mpicc --version >&5
gcc (Debian 4.3.2-1.1) 4.3.2
Copyright (C) 2008 Free Software Foundation, Inc.
This is free software; see the source for copying conditions.  There is NO
warranty; not even for MERCHANTABILITY or FITNESS FOR A PARTICULAR PURPOSE.

configure:2629: $? = 0
configure:2636: mpicc -v >&5
Using built-in specs.
Target: x86_64-linux-gnu
Configured with: ../src/configure -v --with-pkgversion='Debian 4.3.2-1.1' --with-bugurl=file:///usr/share/doc/gcc-4.3/README.Bugs --enable-languages=c,c++,fortran,objc,obj-c++ --prefix=/usr --enable-shared --with-system-zlib --libexecdir=/usr/lib --without-included-gettext --enable-threads=posix --enable-nls --with-gxx-include-dir=/usr/include/c++/4.3 --program-suffix=-4.3 --enable-clocale=gnu --enable-libstdcxx-debug --enable-objc-gc --enable-mpfr --enable-cld --enable-checking=release --build=x86_64-linux-gnu --host=x86_64-linux-gnu --target=x86_64-linux-gnu
Thread model: posix
gcc version 4.3.2 (Debian 4.3.2-1.1) 
configure:2639: $? = 0
configure:2646: mpicc -V >&5
gcc: '-V' option must have argument
configure:2649: $? = 1
configure:2672: checking for C compiler default output file name
configure:2699: mpicc    conftest.c  >&5
configure:2702: $? = 0
configure:2740: result: a.out
configure:2757: checking whether the C compiler works
configure:2767: ./a.out
configure:2770: $? = 0
configure:2787: result: yes
configure:2794: checking whether we are cross compiling
configure:2796: result: no
configure:2799: checking for suffix of executables
configure:2806: mpicc -o conftest    conftest.c  >&5
configure:2809: $? = 0
configure:2833: result: 
configure:2839: checking for suffix of object files
configure:2865: mpicc -c   conftest.c >&5
configure:2868: $? = 0
configure:2891: result: o
configure:2895: checking whether we are using the GNU C compiler
configure:2924: mpicc -c   conftest.c >&5
configure:2930: $? = 0
configure:2947: result: yes
configure:2952: checking whether mpicc accepts -g
configure:2982: mpicc -c -g  conftest.c >&5
configure:2988: $? = 0
configure:3087: result: yes
configure:3104: checking for mpicc option to accept ISO C89
configure:3178: mpicc  -c -g -O2  conftest.c >&5
configure:3184: $? = 0
configure:3207: result: none needed
configure:3227: checking dependency style of mpicc
configure:3318: result: gcc3
configure:3339: checking how to run the C preprocessor
configure:3379: mpicc -E  conftest.c
configure:3385: $? = 0
configure:3416: mpicc -E  conftest.c
conftest.c:10:28: error: ac_nonexistent.h: No such file or directory
configure:3422: $? = 1
configure: failed program was:
| /* confdefs.h.  */
| #define PACKAGE_NAME "esp"
| #define PACKAGE_TARNAME "esp"
| #define PACKAGE_VERSION "2.2.0"
| #define PACKAGE_STRING "esp 2.2.0"
| #define PACKAGE_BUGREPORT "rkowen@nersc.gov"
| #define PACKAGE "esp"
| #define VERSION "2.2.0"
| /* end confdefs.h.  */
| #include <ac_nonexistent.h>
configure:3455: result: mpicc -E
configure:3484: mpicc -E  conftest.c
configure:3490: $? = 0
configure:3521: mpicc -E  conftest.c
conftest.c:10:28: error: ac_nonexistent.h: No such file or directory
configure:3527: $? = 1
configure: failed program was:
| /* confdefs.h.  */
| #define PACKAGE_NAME "esp"
| #define PACKAGE_TARNAME "esp"
| #define PACKAGE_VERSION "2.2.0"
| #define PACKAGE_STRING "esp 2.2.0"
| #define PACKAGE_BUGREPORT "rkowen@nersc.gov"
| #define PACKAGE "esp"
| #define VERSION "2.2.0"
| /* end confdefs.h.  */
| #include <ac_nonexistent.h>
configure:3565: checking for grep that handles long lines and -e
configure:3639: result: /bin/grep
configure:3644: checking for egrep
configure:3722: result: /bin/grep -E
configure:3728: checking for AIX
configure:3750: result: no
configure:3809: checking for gcc
configure:3836: result: mpicc
configure:4074: checking for C compiler version
configure:4081: mpicc --version >&5
gcc (Debian 4.3.2-1.1) 4.3.2
Copyright (C) 2008 Free Software Foundation, Inc.
This is free software; see the source for copying conditions.  There is NO
warranty; not even for MERCHANTABILITY or FITNESS FOR A PARTICULAR PURPOSE.

configure:4084: $? = 0
configure:4091: mpicc -v >&5
Using built-in specs.
Target: x86_64-linux-gnu
Configured with: ../src/configure -v --with-pkgversion='Debian 4.3.2-1.1' --with-bugurl=file:///usr/share/doc/gcc-4.3/README.Bugs --enable-languages=c,c++,fortran,objc,obj-c++ --prefix=/usr --enable-shared --with-system-zlib --libexecdir=/usr/lib --without-included-gettext --enable-threads=posix --enable-nls --with-gxx-include-dir=/usr/include/c++/4.3 --program-suffix=-4.3 --enable-clocale=gnu --enable-libstdcxx-debug --enable-objc-gc --enable-mpfr --enable-cld --enable-checking=release --build=x86_64-linux-gnu --host=x86_64-linux-gnu --target=x86_64-linux-gnu
Thread model: posix
gcc version 4.3.2 (Debian 4.3.2-1.1) 
configure:4094: $? = 0
configure:4101: mpicc -V >&5
gcc: '-V' option must have argument
configure:4104: $? = 1
configure:4107: checking whether we are using the GNU C compiler
configure:4159: result: yes
configure:4164: checking whether mpicc accepts -g
configure:4299: result: yes
configure:4316: checking for mpicc option to accept ISO C89
configure:4419: result: none needed
configure:4439: checking dependency style of mpicc
configure:4530: result: gcc3
configure:4548: checking for MPI_Init in -lmpi
configure:4583: mpicc -o conftest -g -O2   conftest.c -lmpi   >&5
configure:4589: $? = 0
configure:4607: result: yes
configure:4622: checking for ANSI C header files
configure:4652: mpicc -c -g -O2  conftest.c >&5
configure:4658: $? = 0
configure:4757: mpicc -o conftest -g -O2   conftest.c -lmpi  >&5
configure:4760: $? = 0
configure:4766: ./conftest
configure:4769: $? = 0
configure:4786: result: yes
configure:4810: checking for sys/types.h
configure:4831: mpicc -c -g -O2  conftest.c >&5
configure:4837: $? = 0
configure:4853: result: yes
configure:4810: checking for sys/stat.h
configure:4831: mpicc -c -g -O2  conftest.c >&5
configure:4837: $? = 0
configure:4853: result: yes
configure:4810: checking for stdlib.h
configure:4831: mpicc -c -g -O2  conftest.c >&5
configure:4837: $? = 0
configure:4853: result: yes
configure:4810: checking for string.h
configure:4831: mpicc -c -g -O2  conftest.c >&5
configure:4837: $? = 0
configure:4853: result: yes
configure:4810: checking for memory.h
configure:4831: mpicc -c -g -O2  conftest.c >&5
configure:4837: $? = 0
configure:4853: result: yes
configure:4810: checking for strings.h
configure:4831: mpicc -c -g -O2  conftest.c >&5
configure:4837: $? = 0
configure:4853: result: yes
configure:4810: checking for inttypes.h
configure:4831: mpicc -c -g -O2  conftest.c >&5
configure:4837: $? = 0
configure:4853: result: yes
configure:4810: checking for stdint.h
configure:4831: mpicc -c -g -O2  conftest.c >&5
configure:4837: $? = 0
configure:4853: result: yes
configure:4810: checking for unistd.h
configure:4831: mpicc -c -g -O2  conftest.c >&5
configure:4837: $? = 0
configure:4853: result: yes
configure:4876: checking for stdint.h
configure:4882: result: yes
configure:4876: checking for stdlib.h
configure:4882: result: yes
configure:4876: checking for string.h
configure:4882: result: yes
configure:4886: checking sys/time.h usability
configure:4903: mpicc -c -g -O2  conftest.c >&5
configure:4909: $? = 0
configure:4923: result: yes
configure:4927: checking sys/time.h presence
configure:4942: mpicc -E  conftest.c
configure:4948: $? = 0
configure:4962: result: yes
configure:4995: checking for sys/time.h
configure:5003: result: yes
configure:4876: checking for unistd.h
configure:4882: result: yes
configure:4886: checking mpi.h usability
configure:4903: mpicc -c -g -O2  conftest.c >&5
configure:4909: $? = 0
configure:4923: result: yes
configure:4927: checking mpi.h presence
configure:4942: mpicc -E  conftest.c
configure:4948: $? = 0
configure:4962: result: yes
configure:4995: checking for mpi.h
configure:5003: result: yes
configure:4886: checking mpi/mpi.h usability
configure:4903: mpicc -c -g -O2  conftest.c >&5
conftest.c:60:21: error: mpi/mpi.h: No such file or directory
configure:4909: $? = 1
configure: failed program was:
| /* confdefs.h.  */
| #define PACKAGE_NAME "esp"
| #define PACKAGE_TARNAME "esp"
| #define PACKAGE_VERSION "2.2.0"
| #define PACKAGE_STRING "esp 2.2.0"
| #define PACKAGE_BUGREPORT "rkowen@nersc.gov"
| #define PACKAGE "esp"
| #define VERSION "2.2.0"
| #define HAVE_LIBMPI 1
| #define STDC_HEADERS 1
| #define HAVE_SYS_TYPES_H 1
| #define HAVE_SYS_STAT_H 1
| #define HAVE_STDLIB_H 1
| #define HAVE_STRING_H 1
| #define HAVE_MEMORY_H 1
| #define HAVE_STRINGS_H 1
| #define HAVE_INTTYPES_H 1
| #define HAVE_STDINT_H 1
| #define HAVE_UNISTD_H 1
| #define HAVE_STDINT_H 1
| #define HAVE_STDLIB_H 1
| #define HAVE_STRING_H 1
| #define HAVE_SYS_TIME_H 1
| #define HAVE_UNISTD_H 1
| #define HAVE_MPI_H 1
| /* end confdefs.h.  */
| #include <stdio.h>
| #ifdef HAVE_SYS_TYPES_H
| # include <sys/types.h>
| #endif
| #ifdef HAVE_SYS_STAT_H
| # include <sys/stat.h>
| #endif
| #ifdef STDC_HEADERS
| # include <stdlib.h>
| # include <stddef.h>
| #else
| # ifdef HAVE_STDLIB_H
| #  include <stdlib.h>
| # endif
| #endif
| #ifdef HAVE_STRING_H
| # if !defined STDC_HEADERS && defined HAVE_MEMORY_H
| #  include <memory.h>
| # endif
| # include <string.h>
| #endif
| #ifdef HAVE_STRINGS_H
| # include <strings.h>
| #endif
| #ifdef HAVE_INTTYPES_H
| # include <inttypes.h>
| #endif
| #ifdef HAVE_STDINT_H
| # include <stdint.h>
| #endif
| #ifdef HAVE_UNISTD_H
| # include <unistd.h>
| #endif
| #include <mpi/mpi.h>
configure:4923: result: no
configure:4927: checking mpi/mpi.h presence
configure:4942: mpicc -E  conftest.c
conftest.c:27:21: error: mpi/mpi.h: No such file or directory
configure:4948: $? = 1
configure: failed program was:
| /* confdefs.h.  */
| #define PACKAGE_NAME "esp"
| #define PACKAGE_TARNAME "esp"
| #define PACKAGE_VERSION "2.2.0"
| #define PACKAGE_STRING "esp 2.2.0"
| #define PACKAGE_BUGREPORT "rkowen@nersc.gov"
| #define PACKAGE "esp"
| #define VERSION "2.2.0"
| #define HAVE_LIBMPI 1
| #define STDC_HEADERS 1
| #define HAVE_SYS_TYPES_H 1
| #define HAVE_SYS_STAT_H 1
| #define HAVE_STDLIB_H 1
| #define HAVE_STRING_H 1
| #define HAVE_MEMORY_H 1
| #define HAVE_STRINGS_H 1
| #define HAVE_INTTYPES_H 1
| #define HAVE_STDINT_H 1
| #define HAVE_UNISTD_H 1
| #define HAVE_STDINT_H 1
| #define HAVE_STDLIB_H 1
| #define HAVE_STRING_H 1
| #define HAVE_SYS_TIME_H 1
| #define HAVE_UNISTD_H 1
| #define HAVE_MPI_H 1
| /* end confdefs.h.  */
| #include <mpi/mpi.h>
configure:4962: result: no
configure:4995: checking for mpi/mpi.h
configure:5003: result: no
configure:5018: checking for an ANSI C-conforming const
configure:5093: mpicc -c -g -O2  conftest.c >&5
configure:5099: $? = 0
configure:5114: result: yes
configure:5124: checking whether time.h and sys/time.h may both be included
configure:5154: mpicc -c -g -O2  conftest.c >&5
configure:5160: $? = 0
configure:5175: result: yes
configure:5186: checking for uint8_t
configure:5217: mpicc -c -g -O2  conftest.c >&5
configure:5223: $? = 0
configure:5244: result: yes
configure:5262: checking for uint32_t
configure:5293: mpicc -c -g -O2  conftest.c >&5
configure:5299: $? = 0
configure:5320: result: yes
configure:5338: checking for uint64_t
configure:5369: mpicc -c -g -O2  conftest.c >&5
configure:5375: $? = 0
configure:5396: result: yes
configure:5415: checking for pid_t
configure:5445: mpicc -c -g -O2  conftest.c >&5
configure:5451: $? = 0
configure:5466: result: yes
configure:5493: checking vfork.h usability
configure:5510: mpicc -c -g -O2  conftest.c >&5
conftest.c:61:19: error: vfork.h: No such file or directory
configure:5516: $? = 1
configure: failed program was:
| /* confdefs.h.  */
| #define PACKAGE_NAME "esp"
| #define PACKAGE_TARNAME "esp"
| #define PACKAGE_VERSION "2.2.0"
| #define PACKAGE_STRING "esp 2.2.0"
| #define PACKAGE_BUGREPORT "rkowen@nersc.gov"
| #define PACKAGE "esp"
| #define VERSION "2.2.0"
| #define HAVE_LIBMPI 1
| #define STDC_HEADERS 1
| #define HAVE_SYS_TYPES_H 1
| #define HAVE_SYS_STAT_H 1
| #define HAVE_STDLIB_H 1
| #define HAVE_STRING_H 1
| #define HAVE_MEMORY_H 1
| #define HAVE_STRINGS_H 1
| #define HAVE_INTTYPES_H 1
| #define HAVE_STDINT_H 1
| #define HAVE_UNISTD_H 1
| #define HAVE_STDINT_H 1
| #define HAVE_STDLIB_H 1
| #define HAVE_STRING_H 1
| #define HAVE_SYS_TIME_H 1
| #define HAVE_UNISTD_H 1
| #define HAVE_MPI_H 1
| #define TIME_WITH_SYS_TIME 1
| /* end confdefs.h.  */
| #include <stdio.h>
| #ifdef HAVE_SYS_TYPES_H
| # include <sys/types.h>
| #endif
| #ifdef HAVE_SYS_STAT_H
| # include <sys/stat.h>
| #endif
| #ifdef STDC_HEADERS
| # include <stdlib.h>
| # include <stddef.h>
| #else
| # ifdef HAVE_STDLIB_H
| #  include <stdlib.h>
| # endif
| #endif
| #ifdef HAVE_STRING_H
| # if !defined STDC_HEADERS && defined HAVE_MEMORY_H
| #  include <memory.h>
| # endif
| # include <string.h>
| #endif
| #ifdef HAVE_STRINGS_H
| # include <strings.h>
| #endif
| #ifdef HAVE_INTTYPES_H
| # include <inttypes.h>
| #endif
| #ifdef HAVE_STDINT_H
| # include <stdint.h>
| #endif
| #ifdef HAVE_UNISTD_H
| # include <unistd.h>
| #endif
| #include <vfork.h>
configure:5530: result: no
configure:5534: checking vfork.h presence
configure:5549: mpicc -E  conftest.c
conftest.c:28:19: error: vfork.h: No such file or directory
configure:5555: $? = 1
configure: failed program was:
| /* confdefs.h.  */
| #define PACKAGE_NAME "esp"
| #define PACKAGE_TARNAME "esp"
| #define PACKAGE_VERSION "2.2.0"
| #define PACKAGE_STRING "esp 2.2.0"
| #define PACKAGE_BUGREPORT "rkowen@nersc.gov"
| #define PACKAGE "esp"
| #define VERSION "2.2.0"
| #define HAVE_LIBMPI 1
| #define STDC_HEADERS 1
| #define HAVE_SYS_TYPES_H 1
| #define HAVE_SYS_STAT_H 1
| #define HAVE_STDLIB_H 1
| #define HAVE_STRING_H 1
| #define HAVE_MEMORY_H 1
| #define HAVE_STRINGS_H 1
| #define HAVE_INTTYPES_H 1
| #define HAVE_STDINT_H 1
| #define HAVE_UNISTD_H 1
| #define HAVE_STDINT_H 1
| #define HAVE_STDLIB_H 1
| #define HAVE_STRING_H 1
| #define HAVE_SYS_TIME_H 1
| #define HAVE_UNISTD_H 1
| #define HAVE_MPI_H 1
| #define TIME_WITH_SYS_TIME 1
| /* end confdefs.h.  */
| #include <vfork.h>
configure:5569: result: no
configure:5602: checking for vfork.h
configure:5610: result: no
configure:5628: checking for fork
configure:5684: mpicc -o conftest -g -O2   conftest.c -lmpi  >&5
conftest.c:51: warning: conflicting types for built-in function 'fork'
configure:5690: $? = 0
configure:5708: result: yes
configure:5628: checking for vfork
configure:5684: mpicc -o conftest -g -O2   conftest.c -lmpi  >&5
configure:5690: $? = 0
configure:5708: result: yes
configure:5719: checking for working fork
configure:5751: mpicc -o conftest -g -O2   conftest.c -lmpi  >&5
configure:5754: $? = 0
configure:5760: ./conftest
configure:5763: $? = 0
configure:5779: result: yes
configure:5800: checking for working vfork
configure:5938: result: yes
configure:5974: checking for stdlib.h
configure:5980: result: yes
configure:6114: checking for GNU libc compatible malloc
configure:6148: mpicc -o conftest -g -O2   conftest.c -lmpi  >&5
configure:6151: $? = 0
configure:6157: ./conftest
configure:6160: $? = 0
configure:6176: result: yes
configure:6212: checking for alarm
configure:6268: mpicc -o conftest -g -O2   conftest.c -lmpi  >&5
configure:6274: $? = 0
configure:6292: result: yes
configure:6212: checking for MPI_Wtime
configure:6268: mpicc -o conftest -g -O2   conftest.c -lmpi  >&5
configure:6274: $? = 0
configure:6292: result: yes
configure:6212: checking for gettimeofday
configure:6268: mpicc -o conftest -g -O2   conftest.c -lmpi  >&5
configure:6274: $? = 0
configure:6292: result: yes
configure:6212: checking for memset
configure:6268: mpicc -o conftest -g -O2   conftest.c -lmpi  >&5
conftest.c:60: warning: conflicting types for built-in function 'memset'
configure:6274: $? = 0
configure:6292: result: yes
configure:6212: checking for usleep
configure:6268: mpicc -o conftest -g -O2   conftest.c -lmpi  >&5
configure:6274: $? = 0
configure:6292: result: yes
configure:6426: creating ./config.status

## ---------------------- ##
## Running config.status. ##
## ---------------------- ##

This file was extended by esp config.status 2.2.0, which was
generated by GNU Autoconf 2.61.  Invocation command line was

  CONFIG_FILES    = 
  CONFIG_HEADERS  = 
  CONFIG_LINKS    = 
  CONFIG_COMMANDS = 
  $ ./config.status 

on genepi-2.grenoble.grid5000.fr

config.status:635: creating Makefile
config.status:635: creating config.h
config.status:880: config.h is unchanged
config.status:926: executing depfiles commands

## ---------------- ##
## Cache variables. ##
## ---------------- ##

ac_cv_c_compiler_gnu=yes
ac_cv_c_const=yes
ac_cv_c_uint32_t=yes
ac_cv_c_uint64_t=yes
ac_cv_c_uint8_t=yes
ac_cv_env_CC_set=set
ac_cv_env_CC_value=mpicc
ac_cv_env_CFLAGS_set=
ac_cv_env_CFLAGS_value=
ac_cv_env_CPPFLAGS_set=
ac_cv_env_CPPFLAGS_value=
ac_cv_env_CPP_set=
ac_cv_env_CPP_value=
ac_cv_env_LDFLAGS_set=
ac_cv_env_LDFLAGS_value=
ac_cv_env_LIBS_set=
ac_cv_env_LIBS_value=
ac_cv_env_build_alias_set=
ac_cv_env_build_alias_value=
ac_cv_env_host_alias_set=
ac_cv_env_host_alias_value=
ac_cv_env_target_alias_set=
ac_cv_env_target_alias_value=
ac_cv_func_MPI_Wtime=yes
ac_cv_func_alarm=yes
ac_cv_func_fork=yes
ac_cv_func_fork_works=yes
ac_cv_func_gettimeofday=yes
ac_cv_func_malloc_0_nonnull=yes
ac_cv_func_memset=yes
ac_cv_func_usleep=yes
ac_cv_func_vfork=yes
ac_cv_func_vfork_works=yes
ac_cv_header_inttypes_h=yes
ac_cv_header_memory_h=yes
ac_cv_header_mpi_h=yes
ac_cv_header_mpi_mpi_h=no
ac_cv_header_stdc=yes
ac_cv_header_stdint_h=yes
ac_cv_header_stdlib_h=yes
ac_cv_header_string_h=yes
ac_cv_header_strings_h=yes
ac_cv_header_sys_stat_h=yes
ac_cv_header_sys_time_h=yes
ac_cv_header_sys_types_h=yes
ac_cv_header_time=yes
ac_cv_header_unistd_h=yes
ac_cv_header_vfork_h=no
ac_cv_lib_mpi_MPI_Init=yes
ac_cv_objext=o
ac_cv_path_EGREP='/bin/grep -E'
ac_cv_path_GREP=/bin/grep
ac_cv_path_install='/usr/bin/install -c'
ac_cv_path_mkdir=/bin/mkdir
ac_cv_prog_AWK=gawk
ac_cv_prog_CPP='mpicc -E'
ac_cv_prog_ac_ct_CC=mpicc
ac_cv_prog_cc_c89=
ac_cv_prog_cc_g=yes
ac_cv_prog_make_make_set=yes
ac_cv_type_pid_t=yes
am_cv_CC_dependencies_compiler_type=gcc3

## ----------------- ##
## Output variables. ##
## ----------------- ##

ACLOCAL='${SHELL} /home/g5k/BENCHS/esp-2.2.1/src/config/missing --run aclocal-1.10'
AMDEPBACKSLASH='\'
AMDEP_FALSE='#'
AMDEP_TRUE=''
AMTAR='${SHELL} /home/g5k/BENCHS/esp-2.2.1/src/config/missing --run tar'
AUTOCONF='${SHELL} /home/g5k/BENCHS/esp-2.2.1/src/config/missing --run autoconf'
AUTOHEADER='${SHELL} /home/g5k/BENCHS/esp-2.2.1/src/config/missing --run autoheader'
AUTOMAKE='${SHELL} /home/g5k/BENCHS/esp-2.2.1/src/config/missing --run automake-1.10'
AWK='gawk'
CC='mpicc'
CCDEPMODE='depmode=gcc3'
CFLAGS='-g -O2'
CPP='mpicc -E'
CPPFLAGS=''
CYGPATH_W='echo'
DEFS='-DHAVE_CONFIG_H'
DEPDIR='.deps'
ECHO_C=''
ECHO_N='-n'
ECHO_T=''
EGREP='/bin/grep -E'
EXEEXT=''
GREP='/bin/grep'
INSTALL_DATA='${INSTALL} -m 644'
INSTALL_PROGRAM='${INSTALL}'
INSTALL_SCRIPT='${INSTALL}'
INSTALL_STRIP_PROGRAM='$(install_sh) -c -s'
LDFLAGS=''
LIBOBJS=''
LIBS='-lmpi '
LTLIBOBJS=''
MAKEINFO='${SHELL} /home/g5k/BENCHS/esp-2.2.1/src/config/missing --run makeinfo'
OBJEXT='o'
PACKAGE='esp'
PACKAGE_BUGREPORT='rkowen@nersc.gov'
PACKAGE_NAME='esp'
PACKAGE_STRING='esp 2.2.0'
PACKAGE_TARNAME='esp'
PACKAGE_VERSION='2.2.0'
PATH_SEPARATOR=':'
SET_MAKE=''
SHELL='/bin/sh'
STRIP=''
VERSION='2.2.0'
ac_ct_CC='mpicc'
am__fastdepCC_FALSE='#'
am__fastdepCC_TRUE=''
am__include='include'
am__isrc=''
am__leading_dot='.'
am__quote=''
am__tar='${AMTAR} chof - "$$tardir"'
am__untar='${AMTAR} xf -'
bindir='${exec_prefix}/bin'
build_alias=''
datadir='${datarootdir}'
datarootdir='${prefix}/share'
docdir='${datarootdir}/doc/${PACKAGE_TARNAME}'
dvidir='${docdir}'
exec_prefix='${prefix}'
host_alias=''
htmldir='${docdir}'
includedir='${prefix}/include'
infodir='${datarootdir}/info'
install_sh='$(SHELL) /home/g5k/BENCHS/esp-2.2.1/src/config/install-sh'
libdir='${exec_prefix}/lib'
libexecdir='${exec_prefix}/libexec'
localedir='${datarootdir}/locale'
localstatedir='${prefix}/var'
mandir='${datarootdir}/man'
mkdir_p='/bin/mkdir -p'
oldincludedir='/usr/include'
pdfdir='${docdir}'
prefix='/home/g5k/BENCHS/esp-2.2.1'
program_transform_name='s,x,x,'
psdir='${docdir}'
sbindir='${exec_prefix}/sbin'
sharedstatedir='${prefix}/com'
sysconfdir='${prefix}/etc'
target_alias=''

## ----------- ##
## confdefs.h. ##
## ----------- ##

#define PACKAGE_NAME "esp"
#define PACKAGE_TARNAME "esp"
#define PACKAGE_VERSION "2.2.0"
#define PACKAGE_STRING "esp 2.2.0"
#define PACKAGE_BUGREPORT "rkowen@nersc.gov"
#define PACKAGE "esp"
#define VERSION "2.2.0"
#define HAVE_LIBMPI 1
#define STDC_HEADERS 1
#define HAVE_SYS_TYPES_H 1
#define HAVE_SYS_STAT_H 1
#define HAVE_STDLIB_H 1
#define HAVE_STRING_H 1
#define HAVE_MEMORY_H 1
#define HAVE_STRINGS_H 1
#define HAVE_INTTYPES_H 1
#define HAVE_STDINT_H 1
#define HAVE_UNISTD_H 1
#define HAVE_STDINT_H 1
#define HAVE_STDLIB_H 1
#define HAVE_STRING_H 1
#define HAVE_SYS_TIME_H 1
#define HAVE_UNISTD_H 1
#define HAVE_MPI_H 1
#define TIME_WITH_SYS_TIME 1
#define HAVE_FORK 1
#define HAVE_VFORK 1
#define HAVE_WORKING_VFORK 1
#define HAVE_WORKING_FORK 1
#define HAVE_STDLIB_H 1
#define HAVE_MALLOC 1
#define HAVE_ALARM 1
#define HAVE_MPI_WTIME 1
#define HAVE_GETTIMEOFDAY 1
#define HAVE_MEMSET 1
#define HAVE_USLEEP 1

configure: exit 0
